app/build/intermediates/manifest_merge_blame_file/debug/manifest-merger-blame-debug-report.txt
1<?xml version="1.0" encoding="utf-8"?>
2<manifest xmlns:android="http://schemas.android.com/apk/res/android"
3    package="org.owntracks.android.debug"
4    android:versionCode="22300"
5    android:versionName="2.2.3" >
6
7    <uses-sdk
8        android:minSdkVersion="21"
8-->src\main\AndroidManifest.xml
9        android:targetSdkVersion="30" />
9-->src\main\AndroidManifest.xml
10
11    <uses-feature
11-->src\main\AndroidManifest.xml:6:5-8:35
12        android:glEsVersion="0x00020000"
12-->src\main\AndroidManifest.xml:7:9-41
13        android:required="true" />
13-->src\main\AndroidManifest.xml:8:9-32
14    <uses-feature
14-->src\main\AndroidManifest.xml:10:5-13:54
15        android:name="android.hardware.location.gps"
15-->src\main\AndroidManifest.xml:11:9-53
16        android:required="true" />
16-->src\main\AndroidManifest.xml:12:9-32
17
18    <uses-permission android:name="android.permission.INTERNET" />
18-->src\main\AndroidManifest.xml:15:5-67
18-->src\main\AndroidManifest.xml:15:22-64
19    <!-- To access the network -->
20    <uses-permission android:name="android.permission.ACCESS_NETWORK_STATE" />
20-->src\main\AndroidManifest.xml:17:5-79
20-->src\main\AndroidManifest.xml:17:22-76
21    <!-- To handle connectivity changes and reconnect -->
22    <uses-permission android:name="android.permission.WAKE_LOCK" />
22-->src\main\AndroidManifest.xml:19:5-68
22-->src\main\AndroidManifest.xml:19:22-65
23    <!-- To prevent the device from sleeping while handling MQTT traffic -->
24    <uses-permission android:name="android.permission.RECEIVE_BOOT_COMPLETED" />
24-->src\main\AndroidManifest.xml:21:5-81
24-->src\main\AndroidManifest.xml:21:22-78
25    <!-- To autostart the app once the device boots -->
26    <uses-permission android:name="android.permission.READ_EXTERNAL_STORAGE" />
26-->src\main\AndroidManifest.xml:23:5-80
26-->src\main\AndroidManifest.xml:23:22-77
27    <!-- Not actively requested. Has to be enabled manually. Access to broker certificates in private storage on older APIs or on devices not providing files through content:// URIs -->
28
29
30    <!-- To locate the device -->
31    <uses-permission android:name="android.permission.ACCESS_FINE_LOCATION" />
31-->src\main\AndroidManifest.xml:27:5-79
31-->src\main\AndroidManifest.xml:27:22-76
32    <uses-permission android:name="android.permission.ACCESS_BACKGROUND_LOCATION" />
32-->src\main\AndroidManifest.xml:29:5-85
32-->src\main\AndroidManifest.xml:29:22-82
33
34    <!-- To access Google Play Services -->
35    <uses-permission android:name="com.google.android.providers.gsf.permission.READ_GSERVICES" />
35-->src\main\AndroidManifest.xml:32:5-98
35-->src\main\AndroidManifest.xml:32:22-95
36
37    <!-- API v28 requires this for foreground services -->
38    <uses-permission android:name="android.permission.FOREGROUND_SERVICE" />
38-->src\main\AndroidManifest.xml:35:5-77
38-->src\main\AndroidManifest.xml:35:22-74
39
40    <application
40-->src\main\AndroidManifest.xml:37:5-244:19
41        android:name="org.owntracks.android.App"
41-->src\main\AndroidManifest.xml:38:9-28
42        android:allowBackup="true"
42-->src\main\AndroidManifest.xml:39:9-35
43        android:appComponentFactory="androidx.core.app.CoreComponentFactory"
43-->[androidx.core:core:1.3.2] AndroidManifest.xml:24:18-86
44        android:debuggable="true"
45        android:extractNativeLibs="false"
45-->src\main\AndroidManifest.xml:40:9-42
46        android:fullBackupContent="@xml/backup_descriptor"
46-->src\main\AndroidManifest.xml:41:9-59
47        android:hardwareAccelerated="true"
47-->src\main\AndroidManifest.xml:42:9-43
48        android:icon="@mipmap/ic_launcher"
48-->src\main\AndroidManifest.xml:43:9-43
49        android:label="@string/app_name"
49-->src\main\AndroidManifest.xml:44:9-41
50        android:networkSecurityConfig="@xml/network_security_config"
50-->src\main\AndroidManifest.xml:45:9-69
51        android:roundIcon="@mipmap/ic_launcher"
51-->src\main\AndroidManifest.xml:46:9-48
52        android:supportsRtl="true"
52-->src\main\AndroidManifest.xml:47:9-35
53        android:testOnly="true"
54        android:theme="@style/Theme.Owntracks" >
54-->src\main\AndroidManifest.xml:48:9-47
55
56        <!-- Disables default initialization of WorkManager because custom initializer is used in App.onCreate() -->
57        <provider
58            android:name="androidx.work.impl.WorkManagerInitializer"
58-->src\main\AndroidManifest.xml:54:13-69
59            android:authorities="org.owntracks.android.debug.workmanager-init"
59-->src\main\AndroidManifest.xml:55:13-68
60            android:directBootAware="false"
60-->[androidx.work:work-runtime:2.4.0] AndroidManifest.xml:34:13-44
61            android:enabled="false"
61-->src\main\AndroidManifest.xml:56:13-36
62            android:exported="false"
62-->src\main\AndroidManifest.xml:57:13-37
63            android:multiprocess="true" />
63-->[androidx.work:work-runtime:2.4.0] AndroidManifest.xml:36:13-40
64
65        <!-- Maps SDK requires this as of API v28 -->
66        <uses-library
66-->src\main\AndroidManifest.xml:61:9-63:40
67            android:name="org.apache.http.legacy"
67-->src\main\AndroidManifest.xml:62:13-50
68            android:required="false" />
68-->src\main\AndroidManifest.xml:63:13-37
69
70        <meta-data
70-->src\main\AndroidManifest.xml:65:9-67:59
71            android:name="com.google.android.geo.API_KEY"
71-->src\main\AndroidManifest.xml:66:13-58
72            android:value="@string/GOOGLE_MAPS_API_KEY" />
72-->src\main\AndroidManifest.xml:67:13-56
73        <meta-data
73-->src\main\AndroidManifest.xml:69:9-71:51
74            android:name="android.support.PARENT_ACTIVITY"
74-->src\main\AndroidManifest.xml:70:13-59
75            android:value=".ui.map.MapActivity" />
75-->src\main\AndroidManifest.xml:71:13-48
76        <meta-data
76-->src\main\AndroidManifest.xml:73:9-75:36
77            android:name="firebase_analytics_collection_deactivated"
77-->src\main\AndroidManifest.xml:74:13-69
78            android:value="true" />
78-->src\main\AndroidManifest.xml:75:13-33
79
80        <activity
80-->src\main\AndroidManifest.xml:77:9-80:46
81            android:name="org.owntracks.android.ui.regions.RegionsActivity"
81-->src\main\AndroidManifest.xml:78:13-55
82            android:label="@string/title_activity_regions"
82-->src\main\AndroidManifest.xml:79:13-59
83            android:launchMode="singleTop" />
83-->src\main\AndroidManifest.xml:80:13-43
84        <activity
84-->src\main\AndroidManifest.xml:81:9-88:20
85            android:name="org.owntracks.android.ui.region.RegionActivity"
85-->src\main\AndroidManifest.xml:82:13-53
86            android:label="@string/title_activity_region"
86-->src\main\AndroidManifest.xml:83:13-58
87            android:launchMode="singleTop" >
87-->src\main\AndroidManifest.xml:84:13-43
88            <meta-data
88-->src\main\AndroidManifest.xml:69:9-71:51
89                android:name="android.support.PARENT_ACTIVITY"
89-->src\main\AndroidManifest.xml:70:13-59
90                android:value=".ui.regions.RegionsActivity" />
90-->src\main\AndroidManifest.xml:71:13-48
91        </activity>
92        <activity
92-->src\main\AndroidManifest.xml:89:9-93:64
93            android:name="org.owntracks.android.ui.preferences.PreferencesActivity"
93-->src\main\AndroidManifest.xml:90:13-63
94            android:hardwareAccelerated="true"
94-->src\main\AndroidManifest.xml:91:13-47
95            android:label="@string/title_activity_preferences"
95-->src\main\AndroidManifest.xml:92:13-63
96            android:parentActivityName="org.owntracks.android.ui.map.MapActivity" />
96-->src\main\AndroidManifest.xml:93:13-61
97        <activity
97-->src\main\AndroidManifest.xml:95:9-103:20
98            android:name="org.owntracks.android.ui.preferences.editor.EditorActivity"
98-->src\main\AndroidManifest.xml:96:13-65
99            android:configChanges="orientation"
99-->src\main\AndroidManifest.xml:97:13-48
100            android:label="@string/configurationManagement"
100-->src\main\AndroidManifest.xml:98:13-60
101            android:parentActivityName="org.owntracks.android.ui.preferences.PreferencesActivity" >
101-->src\main\AndroidManifest.xml:99:13-77
102            <meta-data
102-->src\main\AndroidManifest.xml:69:9-71:51
103                android:name="android.support.PARENT_ACTIVITY"
103-->src\main\AndroidManifest.xml:70:13-59
104                android:value=".ui.preferences.PreferencesActivity" />
104-->src\main\AndroidManifest.xml:71:13-48
105        </activity>
106        <activity
106-->src\main\AndroidManifest.xml:105:9-152:20
107            android:name="org.owntracks.android.ui.preferences.load.LoadActivity"
107-->src\main\AndroidManifest.xml:106:13-61
108            android:configChanges="orientation"
108-->src\main\AndroidManifest.xml:107:13-48
109            android:label="@string/app_name"
109-->src\main\AndroidManifest.xml:108:13-45
110            android:launchMode="singleTask" >
110-->src\main\AndroidManifest.xml:109:13-44
111
112            <!-- Support two dots in file name: -->
113            <intent-filter>
113-->src\main\AndroidManifest.xml:112:13-120:29
114                <action android:name="android.intent.action.VIEW" />
114-->src\main\AndroidManifest.xml:113:17-69
114-->src\main\AndroidManifest.xml:113:25-66
115
116                <category android:name="android.intent.category.DEFAULT" />
116-->src\main\AndroidManifest.xml:114:17-76
116-->src\main\AndroidManifest.xml:114:27-73
117
118                <data
118-->src\main\AndroidManifest.xml:115:17-119:48
119                    android:host="*"
119-->src\main\AndroidManifest.xml:116:21-37
120                    android:mimeType="*/*"
120-->src\main\AndroidManifest.xml:117:21-43
121                    android:pathPattern=".*\\..*\\.otrc"
121-->src\main\AndroidManifest.xml:118:21-57
122                    android:scheme="content" />
122-->src\main\AndroidManifest.xml:119:21-45
123            </intent-filter>
124
125            <!-- Support three dots in file name: -->
126            <intent-filter>
126-->src\main\AndroidManifest.xml:123:13-131:29
127                <action android:name="android.intent.action.VIEW" />
127-->src\main\AndroidManifest.xml:113:17-69
127-->src\main\AndroidManifest.xml:113:25-66
128
129                <category android:name="android.intent.category.DEFAULT" />
129-->src\main\AndroidManifest.xml:114:17-76
129-->src\main\AndroidManifest.xml:114:27-73
130
131                <data
131-->src\main\AndroidManifest.xml:115:17-119:48
132                    android:host="*"
132-->src\main\AndroidManifest.xml:116:21-37
133                    android:mimeType="*/*"
133-->src\main\AndroidManifest.xml:117:21-43
134                    android:pathPattern=".*\\..*\\..*\\.otrc"
134-->src\main\AndroidManifest.xml:118:21-57
135                    android:scheme="content" />
135-->src\main\AndroidManifest.xml:119:21-45
136            </intent-filter>
137            <intent-filter>
137-->src\main\AndroidManifest.xml:132:13-136:29
138                <action android:name="android.intent.action.VIEW" />
138-->src\main\AndroidManifest.xml:113:17-69
138-->src\main\AndroidManifest.xml:113:25-66
139
140                <category android:name="android.intent.category.DEFAULT" />
140-->src\main\AndroidManifest.xml:114:17-76
140-->src\main\AndroidManifest.xml:114:27-73
141
142                <data android:mimeType="text/plain" />
142-->src\main\AndroidManifest.xml:115:17-119:48
142-->src\main\AndroidManifest.xml:117:21-43
143            </intent-filter>
144            <intent-filter>
144-->src\main\AndroidManifest.xml:137:13-141:29
145                <action android:name="android.intent.action.VIEW" />
145-->src\main\AndroidManifest.xml:113:17-69
145-->src\main\AndroidManifest.xml:113:25-66
146
147                <category android:name="android.intent.category.DEFAULT" />
147-->src\main\AndroidManifest.xml:114:17-76
147-->src\main\AndroidManifest.xml:114:27-73
148
149                <data android:mimeType="application/json" />
149-->src\main\AndroidManifest.xml:115:17-119:48
149-->src\main\AndroidManifest.xml:117:21-43
150            </intent-filter>
151            <intent-filter>
151-->src\main\AndroidManifest.xml:142:13-146:29
152                <action android:name="android.intent.action.VIEW" />
152-->src\main\AndroidManifest.xml:113:17-69
152-->src\main\AndroidManifest.xml:113:25-66
153
154                <category android:name="android.intent.category.DEFAULT" />
154-->src\main\AndroidManifest.xml:114:17-76
154-->src\main\AndroidManifest.xml:114:27-73
155
156                <data android:mimeType="application/otrc" />
156-->src\main\AndroidManifest.xml:115:17-119:48
156-->src\main\AndroidManifest.xml:117:21-43
157            </intent-filter>
158            <intent-filter>
158-->src\main\AndroidManifest.xml:147:13-151:29
159                <action android:name="android.intent.action.VIEW" />
159-->src\main\AndroidManifest.xml:113:17-69
159-->src\main\AndroidManifest.xml:113:25-66
160
161                <category android:name="android.intent.category.DEFAULT" />
161-->src\main\AndroidManifest.xml:114:17-76
161-->src\main\AndroidManifest.xml:114:27-73
162
163                <data android:mimeType="application/octet-stream" />
163-->src\main\AndroidManifest.xml:115:17-119:48
163-->src\main\AndroidManifest.xml:117:21-43
164            </intent-filter>
165        </activity>
166
167        <provider
167-->src\main\AndroidManifest.xml:154:9-162:20
168            android:name="androidx.core.content.FileProvider"
168-->src\main\AndroidManifest.xml:155:13-62
169            android:authorities="org.owntracks.android.fileprovider"
169-->src\main\AndroidManifest.xml:156:13-69
170            android:exported="false"
170-->src\main\AndroidManifest.xml:157:13-37
171            android:grantUriPermissions="true" >
171-->src\main\AndroidManifest.xml:158:13-47
172            <meta-data
172-->src\main\AndroidManifest.xml:159:13-161:53
173                android:name="android.support.FILE_PROVIDER_PATHS"
173-->src\main\AndroidManifest.xml:160:17-67
174                android:resource="@xml/filepaths" />
174-->src\main\AndroidManifest.xml:161:17-50
175        </provider>
176
177        <service
177-->src\main\AndroidManifest.xml:164:9-178:19
178            android:name="org.owntracks.android.services.BackgroundService"
178-->src\main\AndroidManifest.xml:165:13-55
179            android:enabled="true"
179-->src\main\AndroidManifest.xml:166:13-35
180            android:exported="true"
180-->src\main\AndroidManifest.xml:167:13-36
181            android:foregroundServiceType="location" >
181-->src\main\AndroidManifest.xml:168:13-53
182            <intent-filter>
182-->src\main\AndroidManifest.xml:171:13-177:29
183                <action android:name="org.owntracks.android.CLEAR_NOTIFICATIONS" /> <!-- INTENT_ACTION_CLEAR_NOTIFICATIONS -->
183-->src\main\AndroidManifest.xml:172:17-84
183-->src\main\AndroidManifest.xml:172:25-81
184                <action android:name="org.owntracks.android.SEND_LOCATION_USER" /> <!-- INTENT_ACTION_SEND_LOCATION_PING -->
184-->src\main\AndroidManifest.xml:173:17-83
184-->src\main\AndroidManifest.xml:173:25-80
185                <action android:name="org.owntracks.android.SEND_EVENT_CIRCULAR" /> <!-- INTENT_ACTION_SEND_WAYPOINTS -->
185-->src\main\AndroidManifest.xml:174:17-84
185-->src\main\AndroidManifest.xml:174:25-81
186                <action android:name="org.owntracks.android.REREQUEST_LOCATION_UPDATES" /> <!-- REREQUEST_LOCATION_UPDATES -->
186-->src\main\AndroidManifest.xml:175:17-91
186-->src\main\AndroidManifest.xml:175:25-88
187                <action android:name="org.owntracks.android.CHANGE_MONITORING" /> <!-- INTENT_ACTION_CHANGE_MONITORING -->
187-->src\main\AndroidManifest.xml:176:17-82
187-->src\main\AndroidManifest.xml:176:25-79
188            </intent-filter>
189        </service>
190
191        <receiver
191-->src\main\AndroidManifest.xml:180:9-190:20
192            android:name="org.owntracks.android.support.receiver.StartBackgroundServiceReceiver"
192-->src\main\AndroidManifest.xml:181:13-76
193            android:enabled="true"
193-->src\main\AndroidManifest.xml:182:13-35
194            android:exported="true" >
194-->src\main\AndroidManifest.xml:183:13-36
195            <intent-filter>
195-->src\main\AndroidManifest.xml:184:13-186:29
196                <action android:name="android.intent.action.BOOT_COMPLETED" />
196-->src\main\AndroidManifest.xml:185:17-79
196-->src\main\AndroidManifest.xml:185:25-76
197            </intent-filter>
198            <intent-filter>
198-->src\main\AndroidManifest.xml:187:13-189:29
199                <action android:name="android.intent.action.MY_PACKAGE_REPLACED" />
199-->src\main\AndroidManifest.xml:188:17-84
199-->src\main\AndroidManifest.xml:188:25-81
200            </intent-filter>
201        </receiver>
202
203        <activity
203-->src\main\AndroidManifest.xml:192:9-201:20
204            android:name="org.owntracks.android.ui.status.StatusActivity"
204-->src\main\AndroidManifest.xml:193:13-53
205            android:exported="true"
205-->src\main\AndroidManifest.xml:194:13-36
206            android:label="@string/title_activity_status"
206-->src\main\AndroidManifest.xml:195:13-58
207            android:launchMode="singleTop"
207-->src\main\AndroidManifest.xml:196:13-43
208            android:parentActivityName="org.owntracks.android.ui.map.MapActivity" >
208-->src\main\AndroidManifest.xml:197:13-61
209            <meta-data
209-->src\main\AndroidManifest.xml:69:9-71:51
210                android:name="android.support.PARENT_ACTIVITY"
210-->src\main\AndroidManifest.xml:70:13-59
211                android:value=".ui.map.MapActivity" />
211-->src\main\AndroidManifest.xml:71:13-48
212        </activity>
213        <activity
213-->src\main\AndroidManifest.xml:202:9-206:47
214            android:name="org.owntracks.android.ui.contacts.ContactsActivity"
214-->src\main\AndroidManifest.xml:203:13-57
215            android:clearTaskOnLaunch="true"
215-->src\main\AndroidManifest.xml:204:13-45
216            android:label="@string/title_activity_contacts"
216-->src\main\AndroidManifest.xml:205:13-60
217            android:launchMode="singleTask" />
217-->src\main\AndroidManifest.xml:206:13-44
218        <activity
218-->src\main\AndroidManifest.xml:207:9-217:20
219            android:name="org.owntracks.android.ui.map.MapActivity"
219-->src\main\AndroidManifest.xml:208:13-47
220            android:clearTaskOnLaunch="true"
220-->src\main\AndroidManifest.xml:209:13-45
221            android:label="@string/app_name"
221-->src\main\AndroidManifest.xml:210:13-45
222            android:launchMode="singleTask" >
222-->src\main\AndroidManifest.xml:211:13-44
223            <intent-filter>
223-->src\main\AndroidManifest.xml:212:13-215:29
224                <action android:name="android.intent.action.MAIN" />
224-->src\main\AndroidManifest.xml:213:17-69
224-->src\main\AndroidManifest.xml:213:25-66
225
226                <category android:name="android.intent.category.LAUNCHER" />
226-->src\main\AndroidManifest.xml:214:17-77
226-->src\main\AndroidManifest.xml:214:27-74
227            </intent-filter>
228        </activity>
229        <activity
229-->src\main\AndroidManifest.xml:220:9-224:47
230            android:name="org.owntracks.android.ui.preferences.connection.ConnectionActivity"
230-->src\main\AndroidManifest.xml:221:13-73
231            android:clearTaskOnLaunch="true"
231-->src\main\AndroidManifest.xml:222:13-45
232            android:label="@string/preferencesServer"
232-->src\main\AndroidManifest.xml:223:13-54
233            android:launchMode="singleTask" />
233-->src\main\AndroidManifest.xml:224:13-44
234        <activity
234-->src\main\AndroidManifest.xml:226:9-230:47
235            android:name="org.owntracks.android.ui.preferences.LogViewerActivity"
235-->src\main\AndroidManifest.xml:227:13-61
236            android:clearTaskOnLaunch="true"
236-->src\main\AndroidManifest.xml:228:13-45
237            android:label="@string/logViewerActivityTitle"
237-->src\main\AndroidManifest.xml:229:13-59
238            android:launchMode="singleTask" />
238-->src\main\AndroidManifest.xml:230:13-44
239        <activity
239-->src\main\AndroidManifest.xml:232:9-237:55
240            android:name="org.owntracks.android.ui.welcome.WelcomeActivity"
240-->src\main\AndroidManifest.xml:233:13-55
241            android:configChanges="orientation|keyboardHidden"
241-->src\main\AndroidManifest.xml:234:13-63
242            android:label="@string/app_name"
242-->src\main\AndroidManifest.xml:235:13-45
243            android:launchMode="singleTask"
243-->src\main\AndroidManifest.xml:236:13-44
244            android:screenOrientation="unspecified" />
244-->src\main\AndroidManifest.xml:237:13-52
245
246        <provider
247            android:name="org.owntracks.android.ui.preferences.LogViewerActivity$ExportedLogContentProvider"
247-->src\main\AndroidManifest.xml:240:13-88
248            android:authorities="org.owntracks.android.debug.log"
248-->src\main\AndroidManifest.xml:241:13-55
249            android:exported="false"
249-->src\main\AndroidManifest.xml:242:13-37
250            android:grantUriPermissions="true" />
250-->src\main\AndroidManifest.xml:243:13-47
251
252        <service
252-->[androidx.work:work-runtime:2.4.0] AndroidManifest.xml:39:9-44:35
253            android:name="androidx.work.impl.background.systemalarm.SystemAlarmService"
253-->[androidx.work:work-runtime:2.4.0] AndroidManifest.xml:40:13-88
254            android:directBootAware="false"
254-->[androidx.work:work-runtime:2.4.0] AndroidManifest.xml:41:13-44
255            android:enabled="@bool/enable_system_alarm_service_default"
255-->[androidx.work:work-runtime:2.4.0] AndroidManifest.xml:42:13-72
256            android:exported="false" />
256-->[androidx.work:work-runtime:2.4.0] AndroidManifest.xml:43:13-37
257        <service
257-->[androidx.work:work-runtime:2.4.0] AndroidManifest.xml:45:9-51:35
258            android:name="androidx.work.impl.background.systemjob.SystemJobService"
258-->[androidx.work:work-runtime:2.4.0] AndroidManifest.xml:46:13-84
259            android:directBootAware="false"
259-->[androidx.work:work-runtime:2.4.0] AndroidManifest.xml:47:13-44
260            android:enabled="@bool/enable_system_job_service_default"
260-->[androidx.work:work-runtime:2.4.0] AndroidManifest.xml:48:13-70
261            android:exported="true"
261-->[androidx.work:work-runtime:2.4.0] AndroidManifest.xml:49:13-36
262            android:permission="android.permission.BIND_JOB_SERVICE" />
262-->[androidx.work:work-runtime:2.4.0] AndroidManifest.xml:50:13-69
263        <service
263-->[androidx.work:work-runtime:2.4.0] AndroidManifest.xml:52:9-57:35
264            android:name="androidx.work.impl.foreground.SystemForegroundService"
264-->[androidx.work:work-runtime:2.4.0] AndroidManifest.xml:53:13-81
265            android:directBootAware="false"
265-->[androidx.work:work-runtime:2.4.0] AndroidManifest.xml:54:13-44
266            android:enabled="@bool/enable_system_foreground_service_default"
266-->[androidx.work:work-runtime:2.4.0] AndroidManifest.xml:55:13-77
267            android:exported="false" />
267-->[androidx.work:work-runtime:2.4.0] AndroidManifest.xml:56:13-37
268
269        <receiver
269-->[androidx.work:work-runtime:2.4.0] AndroidManifest.xml:59:9-64:35
270            android:name="androidx.work.impl.utils.ForceStopRunnable$BroadcastReceiver"
270-->[androidx.work:work-runtime:2.4.0] AndroidManifest.xml:60:13-88
271            android:directBootAware="false"
271-->[androidx.work:work-runtime:2.4.0] AndroidManifest.xml:61:13-44
272            android:enabled="true"
272-->[androidx.work:work-runtime:2.4.0] AndroidManifest.xml:62:13-35
273            android:exported="false" />
273-->[androidx.work:work-runtime:2.4.0] AndroidManifest.xml:63:13-37
274        <receiver
274-->[androidx.work:work-runtime:2.4.0] AndroidManifest.xml:65:9-75:20
275            android:name="androidx.work.impl.background.systemalarm.ConstraintProxy$BatteryChargingProxy"
275-->[androidx.work:work-runtime:2.4.0] AndroidManifest.xml:66:13-106
276            android:directBootAware="false"
276-->[androidx.work:work-runtime:2.4.0] AndroidManifest.xml:67:13-44
277            android:enabled="false"
277-->[androidx.work:work-runtime:2.4.0] AndroidManifest.xml:68:13-36
278            android:exported="false" >
278-->[androidx.work:work-runtime:2.4.0] AndroidManifest.xml:69:13-37
279            <intent-filter>
279-->[androidx.work:work-runtime:2.4.0] AndroidManifest.xml:71:13-74:29
280                <action android:name="android.intent.action.ACTION_POWER_CONNECTED" />
280-->[androidx.work:work-runtime:2.4.0] AndroidManifest.xml:72:17-87
280-->[androidx.work:work-runtime:2.4.0] AndroidManifest.xml:72:25-84
281                <action android:name="android.intent.action.ACTION_POWER_DISCONNECTED" />
281-->[androidx.work:work-runtime:2.4.0] AndroidManifest.xml:73:17-90
281-->[androidx.work:work-runtime:2.4.0] AndroidManifest.xml:73:25-87
282            </intent-filter>
283        </receiver>
284        <receiver
284-->[androidx.work:work-runtime:2.4.0] AndroidManifest.xml:76:9-86:20
285            android:name="androidx.work.impl.background.systemalarm.ConstraintProxy$BatteryNotLowProxy"
285-->[androidx.work:work-runtime:2.4.0] AndroidManifest.xml:77:13-104
286            android:directBootAware="false"
286-->[androidx.work:work-runtime:2.4.0] AndroidManifest.xml:78:13-44
287            android:enabled="false"
287-->[androidx.work:work-runtime:2.4.0] AndroidManifest.xml:79:13-36
288            android:exported="false" >
288-->[androidx.work:work-runtime:2.4.0] AndroidManifest.xml:80:13-37
289            <intent-filter>
289-->[androidx.work:work-runtime:2.4.0] AndroidManifest.xml:82:13-85:29
290                <action android:name="android.intent.action.BATTERY_OKAY" />
290-->[androidx.work:work-runtime:2.4.0] AndroidManifest.xml:83:17-77
290-->[androidx.work:work-runtime:2.4.0] AndroidManifest.xml:83:25-74
291                <action android:name="android.intent.action.BATTERY_LOW" />
291-->[androidx.work:work-runtime:2.4.0] AndroidManifest.xml:84:17-76
291-->[androidx.work:work-runtime:2.4.0] AndroidManifest.xml:84:25-73
292            </intent-filter>
293        </receiver>
294        <receiver
294-->[androidx.work:work-runtime:2.4.0] AndroidManifest.xml:87:9-97:20
295            android:name="androidx.work.impl.background.systemalarm.ConstraintProxy$StorageNotLowProxy"
295-->[androidx.work:work-runtime:2.4.0] AndroidManifest.xml:88:13-104
296            android:directBootAware="false"
296-->[androidx.work:work-runtime:2.4.0] AndroidManifest.xml:89:13-44
297            android:enabled="false"
297-->[androidx.work:work-runtime:2.4.0] AndroidManifest.xml:90:13-36
298            android:exported="false" >
298-->[androidx.work:work-runtime:2.4.0] AndroidManifest.xml:91:13-37
299            <intent-filter>
299-->[androidx.work:work-runtime:2.4.0] AndroidManifest.xml:93:13-96:29
300                <action android:name="android.intent.action.DEVICE_STORAGE_LOW" />
300-->[androidx.work:work-runtime:2.4.0] AndroidManifest.xml:94:17-83
300-->[androidx.work:work-runtime:2.4.0] AndroidManifest.xml:94:25-80
301                <action android:name="android.intent.action.DEVICE_STORAGE_OK" />
301-->[androidx.work:work-runtime:2.4.0] AndroidManifest.xml:95:17-82
301-->[androidx.work:work-runtime:2.4.0] AndroidManifest.xml:95:25-79
302            </intent-filter>
303        </receiver>
304        <receiver
304-->[androidx.work:work-runtime:2.4.0] AndroidManifest.xml:98:9-107:20
305            android:name="androidx.work.impl.background.systemalarm.ConstraintProxy$NetworkStateProxy"
305-->[androidx.work:work-runtime:2.4.0] AndroidManifest.xml:99:13-103
306            android:directBootAware="false"
306-->[androidx.work:work-runtime:2.4.0] AndroidManifest.xml:100:13-44
307            android:enabled="false"
307-->[androidx.work:work-runtime:2.4.0] AndroidManifest.xml:101:13-36
308            android:exported="false" >
308-->[androidx.work:work-runtime:2.4.0] AndroidManifest.xml:102:13-37
309            <intent-filter>
309-->[androidx.work:work-runtime:2.4.0] AndroidManifest.xml:104:13-106:29
310                <action android:name="android.net.conn.CONNECTIVITY_CHANGE" />
310-->[androidx.work:work-runtime:2.4.0] AndroidManifest.xml:105:17-79
310-->[androidx.work:work-runtime:2.4.0] AndroidManifest.xml:105:25-76
311            </intent-filter>
312        </receiver>
313        <receiver
313-->[androidx.work:work-runtime:2.4.0] AndroidManifest.xml:108:9-119:20
314            android:name="androidx.work.impl.background.systemalarm.RescheduleReceiver"
314-->[androidx.work:work-runtime:2.4.0] AndroidManifest.xml:109:13-88
315            android:directBootAware="false"
315-->[androidx.work:work-runtime:2.4.0] AndroidManifest.xml:110:13-44
316            android:enabled="false"
316-->[androidx.work:work-runtime:2.4.0] AndroidManifest.xml:111:13-36
317            android:exported="false" >
317-->[androidx.work:work-runtime:2.4.0] AndroidManifest.xml:112:13-37
318            <intent-filter>
318-->[androidx.work:work-runtime:2.4.0] AndroidManifest.xml:114:13-118:29
319                <action android:name="android.intent.action.BOOT_COMPLETED" />
319-->src\main\AndroidManifest.xml:185:17-79
319-->src\main\AndroidManifest.xml:185:25-76
320                <action android:name="android.intent.action.TIME_SET" />
320-->[androidx.work:work-runtime:2.4.0] AndroidManifest.xml:116:17-73
320-->[androidx.work:work-runtime:2.4.0] AndroidManifest.xml:116:25-70
321                <action android:name="android.intent.action.TIMEZONE_CHANGED" />
321-->[androidx.work:work-runtime:2.4.0] AndroidManifest.xml:117:17-81
321-->[androidx.work:work-runtime:2.4.0] AndroidManifest.xml:117:25-78
322            </intent-filter>
323        </receiver>
324        <receiver